<?xml version="1.0" encoding="UTF-8"?>
<testng-results skipped="0" failed="0" total="1" passed="1">
  <reporter-output>
  </reporter-output>
  <suite name="Suite" duration-ms="146" started-at="2022-07-29T05:07:20Z" finished-at="2022-07-29T05:07:20Z">
    <groups>
    </groups>
    <test name="Test" duration-ms="146" started-at="2022-07-29T05:07:20Z" finished-at="2022-07-29T05:07:20Z">
      <class name="practiceproject.allurepracticeTest">
        <test-method status="PASS" signature="test()[pri:0, instance:practiceproject.allurepracticeTest@346d61be]" name="test" duration-ms="47" started-at="2022-07-29T10:37:20Z" finished-at="2022-07-29T10:37:20Z">
          <reporter-output>
          </reporter-output>
        </test-method> <!-- test -->
      </class> <!-- practiceproject.allurepracticeTest -->
    </test> <!-- Test -->
  </suite> <!-- Suite -->
</testng-results>
